<?xml version="1.0" encoding="UTF-8"?>
<!-- Generated by org.testng.reporters.JUnitReportReporter -->
<testsuite skipped="0" hostname="DESKTOP-B1VO0QR" name="avactisregistertest.SignInTest" tests="1" failures="0" timestamp="03 May 2019 13:12:55 GMT" time="25.100" errors="0">
  <testcase name="f" time="25.100" classname="avactisregistertest.SignInTest"/>
</testsuite> <!-- avactisregistertest.SignInTest -->
