<?xml version="1.0" encoding="UTF-8"?>
<!-- Generated by org.testng.reporters.JUnitReportReporter -->
<testsuite skipped="0" hostname="DESKTOP-B1VO0QR" name="avactisregistertest.NewTest" tests="2" failures="0" timestamp="03 May 2019 13:12:55 GMT" time="86.432" errors="0">
  <testcase name="f" time="28.854" classname="avactisregistertest.NewTest"/>
  <testcase name="f" time="57.578" classname="avactisregistertest.NewTest"/>
</testsuite> <!-- avactisregistertest.NewTest -->
