<?xml version="1.0" encoding="UTF-8"?>
<!-- Generated by org.testng.reporters.JUnitReportReporter -->
<testsuite skipped="0" hostname="DESKTOP-B1VO0QR" name="login.LoginTest2" tests="2" failures="0" timestamp="27 Feb 2018 16:06:18 GMT" time="30.937" errors="0">
  <testcase name="f" time="9.488" classname="login.LoginTest2"/>
  <testcase name="g" time="21.449" classname="login.LoginTest2"/>
</testsuite> <!-- login.LoginTest2 -->
