<?xml version="1.0" encoding="UTF-8"?>
<!-- Generated by org.testng.reporters.JUnitReportReporter -->
<testsuite skipped="0" hostname="DESKTOP-B1VO0QR" name="avactisregistertest.NewTest" tests="2" failures="0" timestamp="28 Apr 2019 10:51:48 GMT" time="108.693" errors="0">
  <testcase name="f" time="56.226" classname="avactisregistertest.NewTest"/>
  <testcase name="f" time="52.467" classname="avactisregistertest.NewTest"/>
</testsuite> <!-- avactisregistertest.NewTest -->
