<?xml version="1.0" encoding="UTF-8"?>
<!-- Generated by org.testng.reporters.JUnitReportReporter -->
<testsuite skipped="0" hostname="DESKTOP-B1VO0QR" name="avactisregistertest.NewTest2" tests="5" failures="0" timestamp="28 Apr 2019 07:54:53 GMT" time="0.079" errors="0">
  <testcase name="f" time="0.015" classname="avactisregistertest.NewTest2"/>
  <testcase name="f" time="0.000" classname="avactisregistertest.NewTest2"/>
  <testcase name="f" time="0.047" classname="avactisregistertest.NewTest2"/>
  <testcase name="f" time="0.001" classname="avactisregistertest.NewTest2"/>
  <testcase name="f" time="0.016" classname="avactisregistertest.NewTest2"/>
</testsuite> <!-- avactisregistertest.NewTest2 -->
