<?xml version="1.0" encoding="UTF-8"?>
<!-- Generated by org.testng.reporters.JUnitReportReporter -->
<testsuite skipped="0" hostname="DESKTOP-B1VO0QR" name="avactisregistertest.NewTest" tests="2" failures="0" timestamp="02 May 2019 13:42:14 GMT" time="66.063" errors="0">
  <testcase name="f" time="46.775" classname="avactisregistertest.NewTest"/>
  <testcase name="f" time="19.288" classname="avactisregistertest.NewTest"/>
</testsuite> <!-- avactisregistertest.NewTest -->
